   ▲ Next.js 15.5.12
   - Local:        http://localhost:3000
   - Network:      http://192.168.0.2:3000
   - Environments: .env

 ✓ Starting...
 ✓ Ready in 3.8s
 ○ Compiling /login ...
 ✓ Compiled /login in 8.9s (1173 modules)
 GET /login 200 in 11044ms
 ○ Compiling /middleware ...
 ✓ Compiled /middleware in 746ms (165 modules)
 ○ Compiling /admin/customers ...
 ✓ Compiled /settings in 9.3s (1599 modules)
 GET /admin/customers 200 in 10860ms
 GET /settings 307 in 10366ms
 GET /login 200 in 410ms
 ○ Compiling /settings/users ...
 ✓ Compiled /settings/users in 1415ms (1644 modules)
 GET /settings/users 307 in 2308ms
 GET /login 200 in 247ms
 ○ Compiling / ...
 ✓ Compiled / in 1218ms (1269 modules)
 GET / 200 in 1896ms
 GET /login 200 in 290ms
 ✓ Compiled /admin/customers in 441ms (1040 modules)
 GET /admin/customers 200 in 1162ms
 ✓ Compiled /settings in 420ms (1067 modules)
 GET /settings 307 in 1185ms
 GET /login 200 in 243ms
 ✓ Compiled /settings/users in 351ms (1093 modules)
 GET /settings/users 307 in 945ms
 GET /login 200 in 202ms
 ✓ Compiled in 2.2s (1662 modules)
 ✓ Compiled in 613ms (1662 modules)
 ✓ Compiled in 404ms (1231 modules)
 ✓ Compiled in 220ms (569 modules)
 ✓ Compiled / in 218ms (714 modules)
 GET / 200 in 940ms
 GET /login 200 in 273ms
 ✓ Compiled /admin/customers in 407ms (1040 modules)
 GET /admin/customers 200 in 952ms
 ○ Compiling /settings ...
 ✓ Compiled /settings in 931ms (1067 modules)
 ⨯ Error [PrismaClientInitializationError]:
Invalid `prisma.user.findUnique()` invocation:


Can't reach database server at `localhost:5432`

Please make sure your database server is running at `localhost:5432`.
    at async SettingsPage (app/(dashboard)/settings/page.tsx:30:18)
  28 |   }
  29 |
> 30 |   const dbUser = await prisma.user.findUnique({
     |                  ^
  31 |     where: { id: userId },
  32 |     select: { tenant_id: true, role: true },
  33 |   }) {
  clientVersion: '6.19.2',
  errorCode: undefined,
  retryable: undefined,
  digest: '3488944312'
}
 GET /admin/customers 200 in 305ms
 GET /settings 500 in 1767ms
 ○ Compiling /settings/users ...
 ✓ Compiled /settings/users in 836ms (1093 modules)
 GET /settings/users 200 in 873ms
 ⨯ Error [PrismaClientInitializationError]:
Invalid `prisma.user.findUnique()` invocation:


Can't reach database server at `localhost:5432`

Please make sure your database server is running at `localhost:5432`.
    at async UserDirectoryPage (app/(dashboard)/settings/users/page.tsx:32:23)
  30 |
  31 |   // Get current user details to check role and tenant
> 32 |   const currentUser = await prisma.user.findUnique({
     |                       ^
  33 |     where: { id: userId },
  34 |     select: { tenant_id: true, role: true },
  35 |   }) {
  clientVersion: '6.19.2',
  errorCode: undefined,
  retryable: undefined,
  digest: '3877877187'
}
 ✓ Compiled in 1029ms (1231 modules)
 ✓ Compiled in 256ms (569 modules)
 ✓ Compiled / in 220ms (714 modules)
 GET / 200 in 908ms
 GET /login 200 in 278ms
 ✓ Compiled /admin/customers in 335ms (1040 modules)
 GET /admin/customers 200 in 868ms
 ○ Compiling /settings ...
 ✓ Compiled /settings in 1100ms (1067 modules)
 ⨯ Error [PrismaClientInitializationError]:
Invalid `prisma.user.findUnique()` invocation:


Can't reach database server at `localhost:5432`

Please make sure your database server is running at `localhost:5432`.
    at async SettingsPage (app/(dashboard)/settings/page.tsx:32:18)
  30 |   }
  31 |
> 32 |   const dbUser = await prisma.user.findUnique({
     |                  ^
  33 |     where: { id: userId },
  34 |     select: { tenant_id: true, role: true },
  35 |   }) {
  clientVersion: '6.19.2',
  errorCode: undefined,
  retryable: undefined,
  digest: '3438304823'
}
 GET /settings 500 in 1964ms
 ○ Compiling /settings/users ...
 ✓ Compiled /settings/users in 1422ms (1093 modules)
 GET /settings/users 200 in 1455ms
 ⨯ Error [PrismaClientInitializationError]:
Invalid `prisma.user.findUnique()` invocation:


Can't reach database server at `localhost:5432`

Please make sure your database server is running at `localhost:5432`.
    at async UserDirectoryPage (app/(dashboard)/settings/users/page.tsx:34:23)
  32 |
  33 |   // Get current user details to check role and tenant
> 34 |   const currentUser = await prisma.user.findUnique({
     |                       ^
  35 |     where: { id: userId },
  36 |     select: { tenant_id: true, role: true },
  37 |   }) {
  clientVersion: '6.19.2',
  errorCode: undefined,
  retryable: undefined,
  digest: '4218349889'
}
 ✓ Compiled in 902ms (1662 modules)
 ✓ Compiled in 795ms (1662 modules)
 ✓ Compiled in 619ms (1662 modules)
 ✓ Compiled in 571ms (1658 modules)
 ✓ Compiled / in 328ms (935 modules)
 GET / 200 in 1201ms
 GET /login 200 in 341ms
 ○ Compiling /admin/customers ...
 ✓ Compiled /admin/customers in 513ms (1080 modules)
 GET /admin/customers 200 in 1013ms
 ✓ Compiled /settings in 469ms (1093 modules)
 GET /settings 200 in 1292ms
 GET /settings/users 200 in 424ms
 ✓ Compiled in 3.7s (1231 modules)
 ✓ Compiled in 491ms (569 modules)
 ✓ Compiled in 357ms (569 modules)
 ✓ Compiled in 379ms (569 modules)
 ✓ Compiled in 1345ms (569 modules)
