
> web@0.1.0 dev
> next dev

▲ Next.js 16.1.6 (Turbopack)
- Local:         http://localhost:3000
- Network:       http://192.168.0.2:3000

✓ Starting...
Attention: Next.js now collects completely anonymous telemetry regarding usage.
This information is used to shape Next.js' roadmap and prioritize features.
You can learn more, including how to opt-out if you'd not like to participate in this anonymous program, by visiting the following URL:
https://nextjs.org/telemetry

⚠ The "middleware" file convention is deprecated. Please use "proxy" instead. Learn more: https://nextjs.org/docs/messages/middleware-to-proxy
✓ Ready in 1721ms
Supabase environment variables are missing. Middleware is skipping authentication checks.
○ Compiling /app/[marketId]/dashboard ...
Supabase URL or Key is missing. Returning null client.
Supabase URL or Key is missing. Returning null client.
Supabase URL or Key is missing. Returning null client.
⨯ Error: Your project's URL and Key are required to create a Supabase client!

Check your Supabase project's API settings to find these values

https://supabase.com/dashboard/project/_/settings/api
    at <unknown> (https://supabase.com/dashboard/project/_/settings/api)
    at createClient (lib/supabase/server.ts:7:28)
    at async DashboardPage (app/app/(dashboard)/[marketId]/dashboard/page.tsx:11:20)
   5 |   const cookieStore = await cookies()
   6 |
>  7 |   return createServerClient(
     |                            ^
   8 |     process.env.NEXT_PUBLIC_SUPABASE_URL!,
   9 |     process.env.NEXT_PUBLIC_SUPABASE_ANON_KEY!,
  10 |     { {
  digest: '1182618848'
}
 GET /app/market-123/dashboard 500 in 10.5s (compile: 9.4s, proxy.ts: 188ms, render: 892ms)
